TN:
SF:src/shared/component/AppName.jsx
FN:1,AppName
FNF:1
FNH:1
FNDA:2,AppName
DA:2,2
LF:1
LH:1
BRDA:6,0,0,1
BRDA:6,0,1,1
BRF:2
BRH:2
end_of_record
TN:
SF:src/shared/component/Button.jsx
FN:3,Button
FNF:1
FNH:1
FNDA:2,Button
DA:11,2
DA:15,2
DA:17,2
LF:3
LH:3
BRDA:5,0,0,2
BRDA:9,1,0,2
BRDA:11,2,0,0
BRDA:11,2,1,2
BRDA:15,3,0,0
BRDA:15,3,1,2
BRDA:23,4,0,0
BRDA:23,4,1,2
BRF:8
BRH:5
end_of_record
TN:
SF:src/shared/component/ExternalLink.jsx
FN:1,ExternalLink
FNF:1
FNH:1
FNDA:4,ExternalLink
DA:2,4
LF:1
LH:1
BRDA:1,0,0,2
BRDA:7,1,0,1
BRDA:7,1,1,3
BRDA:7,2,0,4
BRDA:7,2,1,3
BRF:5
BRH:5
end_of_record
TN:
SF:src/shared/component/Icon.jsx
FN:23,Icon
FNF:1
FNH:1
FNDA:5,Icon
DA:24,5
DA:25,5
DA:26,5
DA:53,5
LF:4
LH:4
BRDA:24,0,0,1
BRDA:24,0,1,4
BRF:2
BRH:2
end_of_record
